<?xml version="1.0" encoding="UTF-8"?>
<testsuite xmlns:xsi="http://www.w3.org/2001/XMLSchema-instance" xsi:noNamespaceSchemaLocation="https://maven.apache.org/surefire/maven-surefire-plugin/xsd/surefire-test-report-3.0.xsd" version="3.0" name="com.luki.AppTest" time="36.434" tests="2" errors="0" skipped="0" failures="0">
  <properties>
[...]
</properties>
  <testcase name="filterPrice" classname="com.luki.AppTest" time="20.82">
    <system-out><![CDATA[>>> bener
]]></system-out>
  </testcase>
  <testcase name="filterPrice2" classname="com.luki.AppTest" time="15.599"/>
</testsuite>